0 info it worked if it ends with ok
1 verbose cli [ 'node', '/usr/local/bin/npm', 'install', 'js-sdk', '-g' ]
2 info using npm@1.4.28
3 info using node@v0.10.34
4 verbose cache add [ 'js-sdk', null ]
5 verbose cache add name=undefined spec="js-sdk" args=["js-sdk",null]
6 verbose parsed url { protocol: null,
6 verbose parsed url   slashes: null,
6 verbose parsed url   auth: null,
6 verbose parsed url   host: null,
6 verbose parsed url   port: null,
6 verbose parsed url   hostname: null,
6 verbose parsed url   hash: null,
6 verbose parsed url   search: null,
6 verbose parsed url   query: null,
6 verbose parsed url   pathname: 'js-sdk',
6 verbose parsed url   path: 'js-sdk',
6 verbose parsed url   href: 'js-sdk' }
7 silly lockFile f22039a5-js-sdk js-sdk
8 verbose lock js-sdk /Users/jay/.npm/f22039a5-js-sdk.lock
9 silly lockFile f22039a5-js-sdk js-sdk
10 silly lockFile f22039a5-js-sdk js-sdk
11 verbose addNamed [ 'js-sdk', '' ]
12 verbose addNamed [ null, '*' ]
13 silly lockFile f68beefd-js-sdk js-sdk@
14 verbose lock js-sdk@ /Users/jay/.npm/f68beefd-js-sdk.lock
15 silly addNameRange { name: 'js-sdk', range: '*', hasData: false }
16 verbose request where is /js-sdk
17 verbose request registry https://registry.npmjs.org/
18 verbose request id 04c13a711f4a851d
19 verbose url raw /js-sdk
20 verbose url resolving [ 'https://registry.npmjs.org/', './js-sdk' ]
21 verbose url resolved https://registry.npmjs.org/js-sdk
22 verbose request where is https://registry.npmjs.org/js-sdk
23 info trying registry request attempt 1 at 15:18:22
24 http GET https://registry.npmjs.org/js-sdk
25 http 404 https://registry.npmjs.org/js-sdk
26 silly registry.get cb [ 404,
26 silly registry.get   { 'content-type': 'application/json',
26 silly registry.get     'cache-control': 'max-age=0',
26 silly registry.get     'content-length': '2',
26 silly registry.get     'accept-ranges': 'bytes',
26 silly registry.get     date: 'Sat, 07 Nov 2015 23:18:23 GMT',
26 silly registry.get     via: '1.1 varnish',
26 silly registry.get     age: '0',
26 silly registry.get     connection: 'keep-alive',
26 silly registry.get     'x-served-by': 'cache-sjc3125-SJC',
26 silly registry.get     'x-cache': 'MISS',
26 silly registry.get     'x-cache-hits': '0',
26 silly registry.get     'x-timer': 'S1446938303.050657,VS0,VE551' } ]
27 silly lockFile f68beefd-js-sdk js-sdk@
28 silly lockFile f68beefd-js-sdk js-sdk@
29 error 404 Not Found
29 error 404
29 error 404 'js-sdk' is not in the npm registry.
29 error 404 You should bug the author to publish it
29 error 404
29 error 404 Note that you can also install from a
29 error 404 tarball, folder, or http url, or git url.
30 error System Darwin 14.0.0
31 error command "node" "/usr/local/bin/npm" "install" "js-sdk" "-g"
32 error cwd /Users/jay/Projects/meteor/zipcode
33 error node -v v0.10.34
34 error npm -v 1.4.28
35 error code E404
36 verbose exit [ 1, true ]
